<?xml version="1.0" encoding="UTF-8"?>
<testsuite name="pl.edu.agh.HeapTests" tests="6" skipped="0" failures="0" errors="0" timestamp="2016-01-05T14:11:20" hostname="Kamil" time="0.007">
  <properties/>
  <testcase name="add_IntegerTest" classname="pl.edu.agh.HeapTests" time="0.002"/>
  <testcase name="add_StringTest" classname="pl.edu.agh.HeapTests" time="0.0"/>
  <testcase name="deletemax_IntegerTest" classname="pl.edu.agh.HeapTests" time="0.003"/>
  <testcase name="extractMax_IntegerTest" classname="pl.edu.agh.HeapTests" time="0.0"/>
  <testcase name="heapify_IntegerTest" classname="pl.edu.agh.HeapTests" time="0.0"/>
  <testcase name="meld_IntegerTest" classname="pl.edu.agh.HeapTests" time="0.001"/>
  <system-out><![CDATA[]]></system-out>
  <system-err><![CDATA[]]></system-err>
</testsuite>
